[debug] [2020-04-18T05:17:40.213Z] ----------------------------------------------------------------------
[debug] [2020-04-18T05:17:40.217Z] Command:       C:\Program Files\nodejs\node.exe C:\Users\fhern\AppData\Roaming\npm\node_modules\firebase-tools\lib\bin\firebase.js serve
[debug] [2020-04-18T05:17:40.218Z] CLI Version:   8.1.1
[debug] [2020-04-18T05:17:40.218Z] Platform:      win32
[debug] [2020-04-18T05:17:40.219Z] Node Version:  v13.9.0
[debug] [2020-04-18T05:17:40.221Z] Time:          Fri Apr 17 2020 23:17:40 GMT-0600 (hora de verano del Pacífico de México)
[debug] [2020-04-18T05:17:40.221Z] ----------------------------------------------------------------------
[debug] [2020-04-18T05:17:40.222Z] 
[debug] [2020-04-18T05:17:40.239Z] > command requires scopes: ["email","openid","https://www.googleapis.com/auth/cloudplatformprojects.readonly","https://www.googleapis.com/auth/firebase","https://www.googleapis.com/auth/cloud-platform"]
[debug] [2020-04-18T05:17:40.240Z] > authorizing via signed-in user
[debug] [2020-04-18T05:17:40.241Z] [iam] checking project facturas-d979b for permissions ["firebase.projects.get"]
[debug] [2020-04-18T05:17:40.247Z] > refreshing access token with scopes: ["email","https://www.googleapis.com/auth/cloud-platform","https://www.googleapis.com/auth/cloudplatformprojects.readonly","https://www.googleapis.com/auth/firebase","openid"]
[debug] [2020-04-18T05:17:40.248Z] >>> HTTP REQUEST POST https://www.googleapis.com/oauth2/v3/token  
 <request body omitted>
[debug] [2020-04-18T05:17:40.571Z] <<< HTTP RESPONSE 200 {"content-type":"application/json; charset=utf-8","vary":"X-Origin, Referer, Origin,Accept-Encoding","date":"Sat, 18 Apr 2020 05:17:40 GMT","server":"scaffolding on HTTPServer2","cache-control":"private","x-xss-protection":"0","x-frame-options":"SAMEORIGIN","x-content-type-options":"nosniff","alt-svc":"quic=\":443\"; ma=2592000; v=\"46,43\",h3-Q050=\":443\"; ma=2592000,h3-Q049=\":443\"; ma=2592000,h3-Q048=\":443\"; ma=2592000,h3-Q046=\":443\"; ma=2592000,h3-Q043=\":443\"; ma=2592000,h3-T050=\":443\"; ma=2592000","accept-ranges":"none","transfer-encoding":"chunked"}
[debug] [2020-04-18T05:17:40.582Z] >>> HTTP REQUEST POST https://cloudresourcemanager.googleapis.com/v1/projects/facturas-d979b:testIamPermissions  
 {"permissions":["firebase.projects.get"]}
[debug] [2020-04-18T05:17:40.907Z] <<< HTTP RESPONSE 200 {"content-type":"application/json; charset=UTF-8","vary":"X-Origin, Referer, Origin,Accept-Encoding","date":"Sat, 18 Apr 2020 05:17:41 GMT","server":"ESF","cache-control":"private","x-xss-protection":"0","x-frame-options":"SAMEORIGIN","x-content-type-options":"nosniff","server-timing":"gfet4t7; dur=67","alt-svc":"quic=\":443\"; ma=2592000; v=\"46,43\",h3-Q050=\":443\"; ma=2592000,h3-Q049=\":443\"; ma=2592000,h3-Q048=\":443\"; ma=2592000,h3-Q046=\":443\"; ma=2592000,h3-Q043=\":443\"; ma=2592000,h3-T050=\":443\"; ma=2592000","accept-ranges":"none","transfer-encoding":"chunked"}
[debug] [2020-04-18T05:17:40.908Z] >>> HTTP REQUEST GET https://firebase.googleapis.com/v1beta1/projects/facturas-d979b  
 
[debug] [2020-04-18T05:17:41.252Z] <<< HTTP RESPONSE 200 {"content-type":"application/json; charset=UTF-8","vary":"X-Origin, Referer, Origin,Accept-Encoding","date":"Sat, 18 Apr 2020 05:17:41 GMT","server":"ESF","cache-control":"private","x-xss-protection":"0","x-frame-options":"SAMEORIGIN","x-content-type-options":"nosniff","alt-svc":"quic=\":443\"; ma=2592000; v=\"46,43\",h3-Q050=\":443\"; ma=2592000,h3-Q049=\":443\"; ma=2592000,h3-Q048=\":443\"; ma=2592000,h3-Q046=\":443\"; ma=2592000,h3-Q043=\":443\"; ma=2592000,h3-T050=\":443\"; ma=2592000","accept-ranges":"none","transfer-encoding":"chunked"}
[info] 
[info] === Serving from 'C:\Users\fhern\Software\Sem-8\Innovacion\factur-project'...
[info] 
[debug] [2020-04-18T05:17:41.264Z] >>> HTTP REQUEST GET https://firebase.googleapis.com/v1beta1/projects/facturas-d979b/webApps/-/config  
 
[debug] [2020-04-18T05:17:41.786Z] <<< HTTP RESPONSE 200 {"content-type":"application/json; charset=UTF-8","vary":"X-Origin, Referer, Origin,Accept-Encoding","date":"Sat, 18 Apr 2020 05:17:42 GMT","server":"ESF","cache-control":"private","x-xss-protection":"0","x-frame-options":"SAMEORIGIN","x-content-type-options":"nosniff","alt-svc":"quic=\":443\"; ma=2592000; v=\"46,43\",h3-Q050=\":443\"; ma=2592000,h3-Q049=\":443\"; ma=2592000,h3-Q048=\":443\"; ma=2592000,h3-Q046=\":443\"; ma=2592000,h3-Q043=\":443\"; ma=2592000,h3-T050=\":443\"; ma=2592000","accept-ranges":"none","transfer-encoding":"chunked"}
[info] i  hosting: Serving hosting files from: y
[info] +  hosting: Local server: http://localhost:5000
[warn] !  Your requested "node" version "8" doesn't match your global version "13"
[info] +  functions: functions emulator started at http://localhost:5001
[info] i  functions: Watching "C:\Users\fhern\Software\Sem-8\Innovacion\factur-project\functions" for Cloud Functions...
[debug] [2020-04-18T05:17:43.318Z] [worker-pool] addWorker(~diagnostic~) 
[debug] [2020-04-18T05:17:43.319Z] [worker-pool] Adding worker with key ~diagnostic~, total=1 
[debug] [2020-04-18T05:17:43.319Z] [worker-pool] submitWork(triggerId=) 
[debug] [2020-04-18T05:17:43.320Z] [worker-~diagnostic~-b6b59651-3a49-4437-90bb-6162a90e949c]: Assigning socketPath: \\?\pipe\C:\Users\fhern\Software\Sem-8\Innovacion\factur-project\functions\5292 
[debug] [2020-04-18T05:17:43.321Z] [worker-~diagnostic~-b6b59651-3a49-4437-90bb-6162a90e949c]: BUSY 
[debug] [2020-04-18T05:17:43.936Z] [runtime-status] [5292] Functions runtime initialized. {"cwd":"C:\\Users\\fhern\\Software\\Sem-8\\Innovacion\\factur-project\\functions","node_version":"13.9.0"} 
[debug] [2020-04-18T05:17:43.937Z] [runtime-status] [5292] Disabled runtime features: undefined 
[debug] [2020-04-18T05:17:43.946Z] [runtime-status] [5292] Resolved module firebase-admin {"declared":true,"installed":true,"version":"8.10.0","resolution":"C:\\Users\\fhern\\Software\\Sem-8\\Innovacion\\factur-project\\functions\\node_modules\\firebase-admin\\lib\\index.js"} 
[debug] [2020-04-18T05:17:43.949Z] [runtime-status] [5292] Resolved module firebase-functions {"declared":true,"installed":true,"version":"3.6.0","resolution":"C:\\Users\\fhern\\Software\\Sem-8\\Innovacion\\factur-project\\functions\\node_modules\\firebase-functions\\lib\\index.js"} 
[warn] !  functions: Your GOOGLE_APPLICATION_CREDENTIALS environment variable points to C:\Users\username\Downloads\service-account-file.json. Non-emulated services will access production using these credentials. Be careful!
[debug] [2020-04-18T05:17:43.953Z] [runtime-status] [5292] Outgoing network have been stubbed. [{"name":"http","status":"mocked"},{"name":"http","status":"mocked"},{"name":"https","status":"mocked"},{"name":"https","status":"mocked"},{"name":"net","status":"mocked"}] 
[debug] [2020-04-18T05:17:44.059Z] [runtime-status] [5292] Checked functions.config() {"config":{}} 
[debug] [2020-04-18T05:17:44.060Z] [runtime-status] [5292] Resolved module firebase-functions {"declared":true,"installed":true,"version":"3.6.0","resolution":"C:\\Users\\fhern\\Software\\Sem-8\\Innovacion\\factur-project\\functions\\node_modules\\firebase-functions\\lib\\index.js"} 
[debug] [2020-04-18T05:17:44.062Z] [runtime-status] [5292] Resolved module firebase-admin {"declared":true,"installed":true,"version":"8.10.0","resolution":"C:\\Users\\fhern\\Software\\Sem-8\\Innovacion\\factur-project\\functions\\node_modules\\firebase-admin\\lib\\index.js"} 
[debug] [2020-04-18T05:17:44.062Z] [runtime-status] [5292] Resolved module firebase-functions {"declared":true,"installed":true,"version":"3.6.0","resolution":"C:\\Users\\fhern\\Software\\Sem-8\\Innovacion\\factur-project\\functions\\node_modules\\firebase-functions\\lib\\index.js"} 
[debug] [2020-04-18T05:17:44.063Z] [runtime-status] [5292] firebase-admin has been stubbed. {"adminResolution":{"declared":true,"installed":true,"version":"8.10.0","resolution":"C:\\Users\\fhern\\Software\\Sem-8\\Innovacion\\factur-project\\functions\\node_modules\\firebase-admin\\lib\\index.js"}} 
[debug] [2020-04-18T05:17:44.065Z] [worker-~diagnostic~-b6b59651-3a49-4437-90bb-6162a90e949c]: IDLE 
